# JRE version: OpenJDK Runtime Environment Temurin-17.0.17+10 (17.0.17+10) (build 17.0.17+10)
# Java VM: OpenJDK 64-Bit Server VM Temurin-17.0.17+10 (17.0.17+10, mixed mode, sharing, tiered, compressed oops, compressed class ptrs, g1 gc, windows-amd64)
GC Precious Log:
 CPUs: 28 total, 28 available
 Memory: 32491M
 Large Page Support: Disabled
 NUMA Support: Disabled
 Compressed Oops: Enabled (Zero based)
 Heap Region Size: 4M
 Heap Min Capacity: 8M
 Heap Initial Capacity: 508M
 Heap Max Capacity: 8124M
 Pre-touch: Disabled
 Parallel Workers: 20
 Concurrent Workers: 5
 Concurrent Refinement Workers: 20
 Periodic GC: Disabled
Heap:
 garbage-first heap   total 110592K, used 74342K [0x0000000604400000, 0x0000000800000000)
  region size 4096K, 11 young (45056K), 0 survivors (0K)
 Metaspace       used 89673K, committed 91008K, reserved 1179648K
  class space    used 11272K, committed 11904K, reserved 1048576K
GC Heap History (20 events):
Event: 2076.500 GC heap before
{Heap before GC invocations=62 (full 15):
 garbage-first heap   total 110592K, used 77065K [0x0000000604400000, 0x0000000800000000)
  region size 4096K, 11 young (45056K), 0 survivors (0K)
 Metaspace       used 86893K, committed 87936K, reserved 1179648K
  class space    used 11019K, committed 11520K, reserved 1048576K
}
Event: 2076.503 GC heap after
{Heap after GC invocations=63 (full 15):
 garbage-first heap   total 110592K, used 35704K [0x0000000604400000, 0x0000000800000000)
  region size 4096K, 1 young (4096K), 1 survivors (4096K)
 Metaspace       used 86893K, committed 87936K, reserved 1179648K
  class space    used 11019K, committed 11520K, reserved 1048576K
}
Event: 2115.305 GC heap before
{Heap before GC invocations=63 (full 15):
 garbage-first heap   total 110592K, used 80760K [0x0000000604400000, 0x0000000800000000)
  region size 4096K, 12 young (49152K), 1 survivors (4096K)
 Metaspace       used 87742K, committed 89024K, reserved 1179648K
  class space    used 11146K, committed 11776K, reserved 1048576K
}
Event: 2115.308 GC heap after
{Heap after GC invocations=64 (full 15):
 garbage-first heap   total 110592K, used 40752K [0x0000000604400000, 0x0000000800000000)
  region size 4096K, 2 young (8192K), 2 survivors (8192K)
 Metaspace       used 87742K, committed 89024K, reserved 1179648K
  class space    used 11146K, committed 11776K, reserved 1048576K
}
Event: 2242.814 GC heap before
{Heap before GC invocations=64 (full 15):
 garbage-first heap   total 110592K, used 57136K [0x0000000604400000, 0x0000000800000000)
  region size 4096K, 7 young (28672K), 2 survivors (8192K)
 Metaspace       used 87994K, committed 89344K, reserved 1179648K
  class space    used 11164K, committed 11776K, reserved 1048576K
}
Event: 2242.855 GC heap after
{Heap after GC invocations=65 (full 16):
 garbage-first heap   total 110592K, used 32777K [0x0000000604400000, 0x0000000800000000)
  region size 4096K, 0 young (0K), 0 survivors (0K)
 Metaspace       used 87992K, committed 89344K, reserved 1179648K
  class space    used 11164K, committed 11776K, reserved 1048576K
}
Event: 2242.991 GC heap before
{Heap before GC invocations=65 (full 16):
 garbage-first heap   total 110592K, used 77833K [0x0000000604400000, 0x0000000800000000)
  region size 4096K, 11 young (45056K), 0 survivors (0K)
 Metaspace       used 88141K, committed 89472K, reserved 1179648K
  class space    used 11176K, committed 11776K, reserved 1048576K
}
Event: 2242.992 GC heap after
{Heap after GC invocations=66 (full 16):
 garbage-first heap   total 110592K, used 36619K [0x0000000604400000, 0x0000000800000000)
  region size 4096K, 1 young (4096K), 1 survivors (4096K)
 Metaspace       used 88141K, committed 89472K, reserved 1179648K
  class space    used 11176K, committed 11776K, reserved 1048576K
}
Event: 2247.806 GC heap before
{Heap before GC invocations=66 (full 16):
 garbage-first heap   total 110592K, used 65291K [0x0000000604400000, 0x0000000800000000)
  region size 4096K, 9 young (36864K), 1 survivors (4096K)
 Metaspace       used 88363K, committed 89664K, reserved 1179648K
  class space    used 11191K, committed 11840K, reserved 1048576K
}
Event: 2247.874 GC heap after
{Heap after GC invocations=67 (full 17):
 garbage-first heap   total 110592K, used 32182K [0x0000000604400000, 0x0000000800000000)
  region size 4096K, 0 young (0K), 0 survivors (0K)
 Metaspace       used 88361K, committed 89664K, reserved 1179648K
  class space    used 11191K, committed 11840K, reserved 1048576K
}
Event: 2248.164 GC heap before
{Heap before GC invocations=67 (full 17):
 garbage-first heap   total 110592K, used 77238K [0x0000000604400000, 0x0000000800000000)
  region size 4096K, 12 young (49152K), 0 survivors (0K)
 Metaspace       used 88500K, committed 89792K, reserved 1179648K
  class space    used 11204K, committed 11840K, reserved 1048576K
}
Event: 2248.166 GC heap after
{Heap after GC invocations=68 (full 17):
 garbage-first heap   total 110592K, used 36262K [0x0000000604400000, 0x0000000800000000)
  region size 4096K, 1 young (4096K), 1 survivors (4096K)
 Metaspace       used 88500K, committed 89792K, reserved 1179648K
  class space    used 11204K, committed 11840K, reserved 1048576K
}
Event: 2287.743 GC heap before
{Heap before GC invocations=68 (full 17):
 garbage-first heap   total 110592K, used 81318K [0x0000000604400000, 0x0000000800000000)
  region size 4096K, 12 young (49152K), 1 survivors (4096K)
 Metaspace       used 88967K, committed 90368K, reserved 1179648K
  class space    used 11229K, committed 11904K, reserved 1048576K
}
Event: 2287.750 GC heap after
{Heap after GC invocations=69 (full 17):
 garbage-first heap   total 110592K, used 39396K [0x0000000604400000, 0x0000000800000000)
  region size 4096K, 2 young (8192K), 2 survivors (8192K)
 Metaspace       used 88967K, committed 90368K, reserved 1179648K
  class space    used 11229K, committed 11904K, reserved 1048576K
}
Event: 2488.764 GC heap before
{Heap before GC invocations=69 (full 17):
 garbage-first heap   total 110592K, used 80356K [0x0000000604400000, 0x0000000800000000)
  region size 4096K, 12 young (49152K), 2 survivors (8192K)
 Metaspace       used 89258K, committed 90624K, reserved 1179648K
  class space    used 11232K, committed 11904K, reserved 1048576K
}
Event: 2488.769 GC heap after
{Heap after GC invocations=70 (full 17):
 garbage-first heap   total 110592K, used 39635K [0x0000000604400000, 0x0000000800000000)
  region size 4096K, 1 young (4096K), 1 survivors (4096K)
 Metaspace       used 89258K, committed 90624K, reserved 1179648K
  class space    used 11232K, committed 11904K, reserved 1048576K
}
Event: 2726.921 GC heap before
{Heap before GC invocations=70 (full 17):
 garbage-first heap   total 110592K, used 76499K [0x0000000604400000, 0x0000000800000000)
  region size 4096K, 11 young (45056K), 1 survivors (4096K)
 Metaspace       used 89437K, committed 90816K, reserved 1179648K
  class space    used 11237K, committed 11904K, reserved 1048576K
}
Event: 2726.923 GC heap after
{Heap after GC invocations=71 (full 17):
 garbage-first heap   total 110592K, used 39390K [0x0000000604400000, 0x0000000800000000)
  region size 4096K, 1 young (4096K), 1 survivors (4096K)
 Metaspace       used 89437K, committed 90816K, reserved 1179648K
  class space    used 11237K, committed 11904K, reserved 1048576K
}
Event: 2745.312 GC heap before
{Heap before GC invocations=71 (full 17):
 garbage-first heap   total 110592K, used 39390K [0x0000000604400000, 0x0000000800000000)
  region size 4096K, 2 young (8192K), 1 survivors (4096K)
 Metaspace       used 89446K, committed 90816K, reserved 1179648K
  class space    used 11238K, committed 11904K, reserved 1048576K
}
Event: 2745.353 GC heap after
{Heap after GC invocations=72 (full 18):
 garbage-first heap   total 110592K, used 33382K [0x0000000604400000, 0x0000000800000000)
  region size 4096K, 0 young (0K), 0 survivors (0K)
 Metaspace       used 89443K, committed 90816K, reserved 1179648K
  class space    used 11238K, committed 11904K, reserved 1048576K
}

